\BOOKMARK [0][-]{chapter*.2}{\376\377\004\022\004\062\004\065\004\064\004\065\004\075\004\070\004\065}{}% 1
\BOOKMARK [0][-]{chapter.1}{\376\377\004\020\004\075\004\060\004\073\004\070\004\102\004\070\004\107\004\065\004\101\004\072\004\070\004\071\000\040\004\100\004\060\004\067\004\064\004\065\004\073}{}% 2
\BOOKMARK [1][-]{section.1.1}{\376\377\004\036\004\077\004\070\004\101\004\060\004\075\004\070\004\065\000\040\004\102\004\100\004\121\004\105\004\074\004\065\004\100\004\075\004\076\004\063\004\076\000\040\004\076\004\061\004\112\004\065\004\072\004\102\004\060}{chapter.1}% 3
\BOOKMARK [2][-]{subsection.1.1.1}{\376\377\004\023\004\065\004\076\004\074\004\065\004\102\004\100\004\070\004\107\004\065\004\101\004\072\004\070\004\065\000\040\004\077\004\100\004\070\004\074\004\070\004\102\004\070\004\062\004\113}{section.1.1}% 4
\BOOKMARK [2][-]{subsection.1.1.2}{\376\377\004\022\004\076\004\072\004\101\004\065\004\073\004\114\004\075\004\060\004\117\000\040\004\074\004\076\004\064\004\065\004\073\004\114}{section.1.1}% 5
\BOOKMARK [2][-]{subsection.1.1.3}{\376\377\004\037\004\076\004\073\004\070\004\063\004\076\004\075\004\060\004\073\004\114\004\075\004\060\004\117\000\040\004\074\004\076\004\064\004\065\004\073\004\114}{section.1.1}% 6
\BOOKMARK [1][-]{section.1.2}{\376\377\004\020\004\073\004\063\004\076\004\100\004\070\004\102\004\074\000\040\004\077\004\076\004\101\004\102\004\100\004\076\004\065\004\075\004\070\004\117\000\040\004\102\004\100\004\121\004\105\004\074\004\065\004\100\004\075\004\076\004\063\004\076\000\040\004\070\004\067\004\076\004\061\004\100\004\060\004\066\004\065\004\075\004\070\004\117}{chapter.1}% 7
\BOOKMARK [2][-]{subsection.1.2.1}{\376\377\004\020\004\073\004\063\004\076\004\100\004\070\004\102\004\074\000\040\000Z\000-\004\061\004\103\004\104\004\065\004\100\004\060}{section.1.2}% 8
\BOOKMARK [2][-]{subsection.1.2.2}{\376\377\004\020\004\073\004\063\004\076\004\100\004\070\004\102\004\074\000\040\004\076\004\061\004\100\004\060\004\102\004\075\004\076\004\071\000\040\004\102\004\100\004\060\004\101\004\101\004\070\004\100\004\076\004\062\004\072\004\070\000\040\004\073\004\103\004\107\004\065\004\071}{section.1.2}% 9
\BOOKMARK [1][-]{section.1.3}{\376\377\004\034\004\076\004\064\004\065\004\073\004\114\000\040\004\076\004\101\004\062\004\065\004\111\004\065\004\075\004\070\004\117\000\040\004\102\004\100\004\121\004\105\004\074\004\065\004\100\004\075\004\113\004\105\000\040\004\076\004\061\004\112\004\065\004\072\004\102\004\076\004\062}{chapter.1}% 10
\BOOKMARK [2][-]{subsection.1.3.1}{\376\377\004\034\004\076\004\064\004\065\004\073\004\114\000\040\004\033\004\060\004\074\004\061\004\065\004\100\004\102\004\060}{section.1.3}% 11
\BOOKMARK [2][-]{subsection.1.3.2}{\376\377\004\034\004\076\004\064\004\065\004\073\004\114\000\040\004\044\004\076\004\075\004\063\004\060}{section.1.3}% 12
\BOOKMARK [2][-]{subsection.1.3.3}{\376\377\004\034\004\076\004\064\004\065\004\073\004\114\000\040\004\043\004\070\004\102\004\102\004\065\004\064\004\060}{section.1.3}% 13
\BOOKMARK [0][-]{chapter.2}{\376\377\004\032\004\076\004\075\004\101\004\102\004\100\004\103\004\072\004\102\004\076\004\100\004\101\004\072\004\060\004\117\000\040\004\107\004\060\004\101\004\102\004\114}{}% 14
\BOOKMARK [1][-]{section.2.1}{\376\377\004\036\004\077\004\070\004\101\004\060\004\075\004\070\004\065\000\040\004\070\004\101\004\077\004\076\004\073\004\114\004\067\004\103\004\065\004\074\004\113\004\105\000\040\004\102\004\070\004\077\004\076\004\062\000\040\004\064\004\060\004\075\004\075\004\113\004\105}{chapter.2}% 15
\BOOKMARK [1][-]{section.2.2}{\376\377\004\040\004\060\004\067\004\100\004\060\004\061\004\076\004\102\004\072\004\060\000\040\004\060\004\073\004\063\004\076\004\100\004\070\004\102\004\074\004\060\000\040\004\076\004\061\004\100\004\060\004\102\004\075\004\076\004\071\000\040\004\102\004\100\004\060\004\101\004\101\004\070\004\100\004\076\004\062\004\072\004\070\000\040\004\073\004\103\004\107\004\065\004\071}{chapter.2}% 16
\BOOKMARK [2][-]{subsection.2.2.1}{\376\377\004\020\004\073\004\063\004\076\004\100\004\070\004\102\004\074\000\040\004\076\004\061\004\100\004\060\004\102\004\075\004\076\004\071\000\040\004\102\004\100\004\060\004\101\004\101\004\070\004\100\004\076\004\062\004\072\004\070\000\040\004\073\004\103\004\107\004\065\004\071}{section.2.2}% 17
\BOOKMARK [2][-]{subsection.2.2.2}{\376\377\004\035\004\060\004\105\004\076\004\066\004\064\004\065\004\075\004\070\004\065\000\040\004\077\004\065\004\100\004\065\004\101\004\065\004\107\004\065\004\075\004\070\004\117\000\040\004\073\004\103\004\107\004\060\000\040\004\101\000\040\004\077\004\076\004\073\004\070\004\063\004\076\004\075\004\076\004\074}{section.2.2}% 18
\BOOKMARK [2][-]{subsection.2.2.3}{\376\377\004\035\004\060\004\105\004\076\004\066\004\064\004\065\004\075\004\070\004\065\000\040\004\077\004\065\004\100\004\065\004\101\004\065\004\107\004\065\004\075\004\070\004\117\000\040\004\101\000\040\004\076\004\061\004\112\004\065\004\074\004\073\004\116\004\111\004\065\004\071\000\040\004\076\004\061\004\076\004\073\004\076\004\107\004\072\004\076\004\071}{section.2.2}% 19
\BOOKMARK [2][-]{subsection.2.2.4}{\376\377\004\036\004\077\004\102\004\070\004\074\004\070\004\067\004\060\004\106\004\070\004\117\000\040\004\060\004\073\004\063\004\076\004\100\004\070\004\102\004\074\004\060\000\040\004\102\004\100\004\060\004\101\004\101\004\070\004\100\004\076\004\062\004\072\004\070\000\040\004\073\004\103\004\107\004\065\004\071}{section.2.2}% 20
\BOOKMARK [1][-]{section.2.3}{\376\377\004\040\004\065\004\060\004\073\004\070\004\067\004\060\004\106\004\070\004\117\000\040\004\074\004\076\004\064\004\065\004\073\004\070\000\040\004\076\004\101\004\062\004\065\004\111\004\065\004\075\004\070\004\117\000\040\004\043\004\070\004\102\004\102\004\065\004\064\004\060}{chapter.2}% 21
\BOOKMARK [2][-]{subsection.2.3.1}{\376\377\004\035\004\060\004\105\004\076\004\066\004\064\004\065\004\075\004\070\004\065\000\040\004\076\004\102\004\100\004\060\004\066\004\121\004\075\004\075\004\076\004\063\004\076\000\040\004\073\004\103\004\107\004\060}{section.2.3}% 22
\BOOKMARK [2][-]{subsection.2.3.2}{\376\377\004\035\004\060\004\105\004\076\004\066\004\064\004\065\004\075\004\070\004\065\000\040\004\077\004\100\004\065\004\073\004\076\004\074\004\073\004\121\004\075\004\075\004\076\004\063\004\076\000\040\004\073\004\103\004\107\004\060}{section.2.3}% 23
\BOOKMARK [2][-]{subsection.2.3.3}{\376\377\004\036\004\061\004\111\004\060\004\117\000\040\004\100\004\065\004\060\004\073\004\070\004\067\004\060\004\106\004\070\004\117\000\040\004\074\004\076\004\064\004\065\004\073\004\070\000\040\004\076\004\101\004\062\004\065\004\111\004\065\004\075\004\070\004\117\000\040\004\043\004\070\004\102\004\102\004\065\004\064\004\060}{section.2.3}% 24
\BOOKMARK [0][-]{chapter.3}{\376\377\004\042\004\065\004\105\004\075\004\076\004\073\004\076\004\063\004\070\004\107\004\065\004\101\004\072\004\060\004\117\000\040\004\107\004\060\004\101\004\102\004\114}{}% 25
\BOOKMARK [1][-]{section.3.1}{\376\377\004\041\004\100\004\065\004\064\004\101\004\102\004\062\004\060\000\040\004\100\004\065\004\060\004\073\004\070\004\067\004\060\004\106\004\070\004\070}{chapter.3}% 26
\BOOKMARK [1][-]{section.3.2}{\376\377\004\041\004\062\004\065\004\064\004\065\004\075\004\070\004\117\000\040\004\076\000\040\004\074\004\076\004\064\004\103\004\073\004\117\004\105\000\040\004\077\004\100\004\076\004\063\004\100\004\060\004\074\004\074\004\113}{chapter.3}% 27
\BOOKMARK [1][-]{section.3.3}{\376\377\004\040\004\065\004\060\004\073\004\070\004\067\004\060\004\106\004\070\004\117\000\040\004\060\004\073\004\063\004\076\004\100\004\070\004\102\004\074\004\076\004\062}{chapter.3}% 28
\BOOKMARK [1][-]{section.3.4}{\376\377\004\036\004\077\004\070\004\101\004\060\004\075\004\070\004\065\000\040\004\070\004\075\004\102\004\065\004\100\004\104\004\065\004\071\004\101\004\060}{chapter.3}% 29
\BOOKMARK [0][-]{chapter.4}{\376\377\004\055\004\072\004\101\004\077\004\065\004\100\004\070\004\074\004\065\004\075\004\102\004\060\004\073\004\114\004\075\004\060\004\117\000\040\004\107\004\060\004\101\004\102\004\114}{}% 30
\BOOKMARK [1][-]{section.4.1}{\376\377\004\042\004\065\004\105\004\075\004\070\004\107\004\065\004\101\004\072\004\070\004\065\000\040\004\105\004\060\004\100\004\060\004\072\004\102\004\065\004\100\004\070\004\101\004\102\004\070\004\072\004\070}{chapter.4}% 31
\BOOKMARK [1][-]{section.4.2}{\376\377\004\024\004\065\004\074\004\076\004\075\004\101\004\102\004\100\004\060\004\106\004\070\004\117\000\040\004\100\004\060\004\061\004\076\004\102\004\113\000\040\004\077\004\100\004\076\004\063\004\100\004\060\004\074\004\074\004\113}{chapter.4}% 32
\BOOKMARK [1][-]{section.4.3}{\376\377\004\036\004\077\004\070\004\101\004\060\004\075\004\070\004\065\000\040\004\115\004\072\004\101\004\077\004\065\004\100\004\070\004\074\004\065\004\075\004\102\004\060}{chapter.4}% 33
\BOOKMARK [1][-]{section.4.4}{\376\377\004\022\004\113\004\062\004\076\004\064}{chapter.4}% 34
\BOOKMARK [0][-]{chapter*.18}{\376\377\004\027\004\060\004\072\004\073\004\116\004\107\004\065\004\075\004\070\004\065}{}% 35
\BOOKMARK [0][-]{chapter*.18}{\376\377\004\041\004\077\004\070\004\101\004\076\004\072\000\040\004\070\004\101\004\077\004\076\004\073\004\114\004\067\004\103\004\065\004\074\004\113\004\105\000\040\004\070\004\101\004\102\004\076\004\107\004\075\004\070\004\072\004\076\004\062}{}% 36
